<?xml version="1.0" encoding="UTF-8"?>
<!-- Generated by org.testng.reporters.JUnitReportReporter -->
<testsuite hostname="DESKTOP-3TLULB1" failures="0" tests="3" name="com.crm.qa.testcases.LoginPageTest" time="16.631" errors="0" timestamp="2021-04-01T01:00:16 IST" skipped="0">
  <testcase classname="com.crm.qa.testcases.LoginPageTest" name="TitleTest" time="7.617"/>
  <system-out/>
  <testcase classname="com.crm.qa.testcases.LoginPageTest" name="Logotest" time="4.883"/>
  <system-out/>
  <testcase classname="com.crm.qa.testcases.LoginPageTest" name="LoginTest" time="4.131"/>
  <system-out/>
</testsuite> <!-- com.crm.qa.testcases.LoginPageTest -->
