<?xml version="1.0" encoding="UTF-8"?>
<!-- Generated by org.testng.reporters.JUnitReportReporter -->
<testsuite hostname="DESKTOP-3TLULB1" failures="0" tests="1" name="com.crm.qa.testcases.DetailsPageTest" time="9.835" errors="0" timestamp="2021-04-10T14:35:31 IST" skipped="0">
  <testcase classname="com.crm.qa.testcases.DetailsPageTest" name="putBorder" time="9.835"/>
  <system-out/>
</testsuite> <!-- com.crm.qa.testcases.DetailsPageTest -->
