<?xml version="1.0" encoding="UTF-8"?>
<!-- Generated by org.testng.reporters.JUnitReportReporter -->
<testsuite hostname="DESKTOP-3TLULB1" failures="0" tests="4" name="com.crm.qa.testcases.CreateContactsTest" time="126.135" errors="0" timestamp="2021-03-27T00:59:32 IST" skipped="0">
  <testcase classname="com.crm.qa.testcases.CreateContactsTest" name="addingContact" time="29.843"/>
  <system-out/>
  <testcase classname="com.crm.qa.testcases.CreateContactsTest" name="addingContact" time="32.572"/>
  <system-out/>
  <testcase classname="com.crm.qa.testcases.CreateContactsTest" name="addingContact" time="32.241"/>
  <system-out/>
  <testcase classname="com.crm.qa.testcases.CreateContactsTest" name="addingContact" time="31.479"/>
  <system-out/>
</testsuite> <!-- com.crm.qa.testcases.CreateContactsTest -->
