<?xml version="1.0" encoding="UTF-8"?>
<!-- Generated by org.testng.reporters.JUnitReportReporter -->
<testsuite hostname="DESKTOP-3TLULB1" failures="0" tests="6" name="com.crm.qa.testcases.ContactPageTest" time="80.177" errors="0" timestamp="2021-03-27T18:48:56 IST" skipped="0">
  <testcase classname="com.crm.qa.testcases.ContactPageTest" name="ContactTitleTest" time="14.010"/>
  <system-out/>
  <testcase classname="com.crm.qa.testcases.ContactPageTest" name="contactTick" time="16.218"/>
  <system-out/>
  <testcase classname="com.crm.qa.testcases.ContactPageTest" name="actionTick" time="15.675"/>
  <system-out/>
  <testcase classname="com.crm.qa.testcases.ContactPageTest" name="exportTest" time="10.899"/>
  <system-out/>
  <testcase classname="com.crm.qa.testcases.ContactPageTest" name="ExportOk" time="11.082"/>
  <system-out/>
  <testcase classname="com.crm.qa.testcases.ContactPageTest" name="NewContact" time="12.293"/>
  <system-out/>
</testsuite> <!-- com.crm.qa.testcases.ContactPageTest -->
